[2025-06-28 05:15:38] [INFO] [Logger] === Path of Exile Macro Started ===
[2025-06-28 05:15:38] [INFO] [ConfigManager] Configuration loaded successfully
[2025-06-28 05:15:38] [INFO] [Logger] Version: 2.8.2
[2025-06-28 05:15:38] [INFO] [Logger] AutoHotkey: 2.0.19
[2025-06-28 05:15:38] [INFO] [Main] === Path of Exile Macro Starting ===
[2025-06-28 05:15:38] [INFO] [ConfigManager] Configuration loaded successfully
[2025-06-28 05:15:38] [INFO] [Config] Configuration applied from INI file
[2025-06-28 05:15:38] [INFO] [StatusDisplay] Status overlay created successfully
[2025-06-28 05:15:38] [INFO] [Main] Initialization completed successfully
[2025-06-28 05:15:38] [INFO] [Main] Auto-start scheduled in 2000ms
[2025-06-28 05:15:40] [INFO] [Main] Auto-start delayed - waiting for active window
[2025-06-28 05:15:41] [INFO] [TinctureManager] Tincture state reset
[2025-06-28 05:15:41] [INFO] [TinctureManager] Initial Tincture use
[2025-06-28 05:15:41] [INFO] [MacroController] Initial actions performed
[2025-06-28 05:15:41] [INFO] [SkillAutomation] Skill automation started
[2025-06-28 05:15:41] [INFO] [FlaskManager] Flask automation started
[2025-06-28 05:15:41] [INFO] [ClientLogMonitor] Client log monitoring started at: C:\Program Files (x86)\Steam\steamapps\common\Path of Exile\logs\Client.txt
[2025-06-28 05:15:41] [INFO] [MacroController] Macro started
[2025-06-28 05:15:41] [INFO] [Main] Macro auto-started after window became active
[2025-06-28 05:15:45] [INFO] [ManaMonitor] Mana recovery detected (27%)
[2025-06-28 05:15:46] [INFO] [ManaMonitor] Mana depletion detected
[2025-06-28 05:15:47] [INFO] [ManaMonitor] Mana recovery detected (13%)
[2025-06-28 05:15:51] [INFO] [TinctureManager] Tincture use attempt 1/5
[2025-06-28 05:15:52] [INFO] [TinctureManager] Tincture use attempt 2/5
[2025-06-28 05:15:52] [INFO] [TinctureManager] Tincture use attempt 3/5
[2025-06-28 05:15:53] [INFO] [TinctureManager] Tincture use attempt 4/5
[2025-06-28 05:15:53] [INFO] [TinctureManager] Tincture use attempt 5/5
[2025-06-28 05:15:54] [WARN] [TinctureManager] Max retry attempts reached
[2025-06-28 05:15:55] [INFO] [TinctureManager] Tincture use attempt 1/5
[2025-06-28 05:15:57] [INFO] [TinctureManager] Tincture use attempt 2/5
[2025-06-28 05:15:59] [INFO] [TinctureManager] Tincture use attempt 3/5
[2025-06-28 05:16:01] [INFO] [TinctureManager] Tincture use attempt 4/5
[2025-06-28 05:16:03] [INFO] [TinctureManager] Tincture use attempt 5/5
[2025-06-28 05:16:05] [WARN] [TinctureManager] Max retry attempts reached
[2025-06-28 05:16:14] [INFO] [ManaMonitor] Mana recovery detected (13%)
[2025-06-28 05:16:15] [INFO] [TinctureManager] Tincture use attempt 1/5
[2025-06-28 05:16:17] [INFO] [TinctureManager] Tincture use attempt 2/5
[2025-06-28 05:16:19] [INFO] [TinctureManager] Tincture use attempt 3/5
[2025-06-28 05:16:21] [INFO] [TinctureManager] Tincture use attempt 4/5
[2025-06-28 05:16:23] [INFO] [ManaMonitor] Mana recovery detected (13%)
[2025-06-28 05:16:23] [INFO] [TinctureManager] Tincture use attempt 5/5
[2025-06-28 05:16:24] [WARN] [TinctureManager] Max retry attempts reached
[2025-06-28 05:16:25] [INFO] [TinctureManager] Tincture use attempt 1/5
[2025-06-28 05:16:27] [INFO] [TinctureManager] Tincture use attempt 2/5
[2025-06-28 05:16:29] [INFO] [TinctureManager] Tincture use attempt 3/5
[2025-06-28 05:16:31] [INFO] [TinctureManager] Tincture use attempt 4/5
[2025-06-28 05:16:33] [INFO] [TinctureManager] Tincture use attempt 5/5
[2025-06-28 05:16:35] [WARN] [TinctureManager] Max retry attempts reached
