[2025-06-27 22:55:03] [INFO] [Logger] === Path of Exile Macro Started ===
[2025-06-27 22:55:03] [INFO] [ConfigManager] Configuration loaded successfully
[2025-06-27 22:55:03] [INFO] [Logger] Version: 2.8.2
[2025-06-27 22:55:03] [INFO] [Logger] AutoHotkey: 2.0.19
[2025-06-27 22:55:03] [INFO] [Main] === Path of Exile Macro Starting ===
[2025-06-27 22:55:03] [INFO] [ConfigManager] Configuration loaded successfully
[2025-06-27 22:55:03] [INFO] [Config] Configuration applied from INI file
[2025-06-27 22:55:03] [INFO] [StatusDisplay] Status overlay created successfully
[2025-06-27 22:55:03] [INFO] [Main] Initialization completed successfully
[2025-06-27 22:55:03] [INFO] [Main] Auto-start scheduled in 2000ms
[2025-06-27 22:55:04] [INFO] [MainHotkeys] F12 pressed - Resetting macro
[2025-06-27 22:55:04] [INFO] [TinctureManager] Tincture state reset
[2025-06-27 22:55:04] [INFO] [TinctureManager] Tincture state reset
[2025-06-27 22:55:04] [INFO] [TinctureManager] Initial Tincture use
[2025-06-27 22:55:04] [INFO] [MacroController] Initial actions performed
[2025-06-27 22:55:04] [INFO] [SkillAutomation] Skill automation started
[2025-06-27 22:55:04] [INFO] [FlaskManager] Flask automation started
[2025-06-27 22:55:04] [INFO] [ClientLogMonitor] Client log monitoring started at: C:\Program Files (x86)\Steam\steamapps\common\Path of Exile\logs\Client.txt
[2025-06-27 22:55:04] [INFO] [MacroController] Macro started
[2025-06-27 22:57:13] [INFO] [ManaMonitor] Mana depletion detected
[2025-06-27 22:57:14] [INFO] [ClientLogMonitor] Area change detected: Sunspire Hideout at 2025/06/27 22:57:14
[2025-06-27 22:57:14] [INFO] [ClientLogMonitor] Client log monitoring stopped
[2025-06-27 22:57:14] [INFO] [LoadingScreen] Loading screen detection stopped
[2025-06-27 22:57:14] [INFO] [MacroController] Macro stopped
[2025-06-27 22:57:14] [INFO] [ClientLogMonitor] Macro paused due to area change
[2025-06-27 22:57:15] [INFO] [ClientLogMonitor] User input detected after area change: Mouse: LButton
[2025-06-27 22:57:16] [INFO] [ClientLogMonitor] Non-combat area detected: Sunspire Hideout
