[2025-06-27 22:53:28] [INFO] [Logger] === Path of Exile Macro Started ===
[2025-06-27 22:53:28] [INFO] [ConfigManager] Configuration loaded successfully
[2025-06-27 22:53:28] [INFO] [Logger] Version: 2.8.2
[2025-06-27 22:53:28] [INFO] [Logger] AutoHotkey: 2.0.19
[2025-06-27 22:53:28] [INFO] [Main] === Path of Exile Macro Starting ===
[2025-06-27 22:53:28] [INFO] [ConfigManager] Configuration loaded successfully
[2025-06-27 22:53:28] [INFO] [Config] Configuration applied from INI file
[2025-06-27 22:53:28] [INFO] [StatusDisplay] Status overlay created successfully
[2025-06-27 22:53:28] [INFO] [Main] Initialization completed successfully
[2025-06-27 22:53:28] [INFO] [Main] Auto-start scheduled in 2000ms
[2025-06-27 22:53:30] [INFO] [Main] Auto-start delayed - waiting for active window
[2025-06-27 22:53:31] [INFO] [TinctureManager] Tincture state reset
[2025-06-27 22:53:31] [INFO] [TinctureManager] Initial Tincture use
[2025-06-27 22:53:31] [INFO] [MacroController] Initial actions performed
[2025-06-27 22:53:31] [INFO] [SkillAutomation] Skill automation started
[2025-06-27 22:53:31] [INFO] [FlaskManager] Flask automation started
[2025-06-27 22:53:31] [INFO] [ClientLogMonitor] Client log monitoring started at: C:\Program Files (x86)\Steam\steamapps\common\Path of Exile\logs\Client.txt
[2025-06-27 22:53:31] [INFO] [MacroController] Macro started
[2025-06-27 22:53:31] [INFO] [Main] Macro auto-started after window became active
[2025-06-27 22:53:51] [INFO] [ManaMonitor] Mana depletion detected
[2025-06-27 22:53:53] [INFO] [ClientLogMonitor] Area change detected: Strand at 2025/06/27 22:53:53
[2025-06-27 22:53:53] [INFO] [ClientLogMonitor] Client log monitoring stopped
[2025-06-27 22:53:53] [INFO] [LoadingScreen] Loading screen detection stopped
[2025-06-27 22:53:53] [INFO] [MacroController] Macro stopped
[2025-06-27 22:53:53] [INFO] [ClientLogMonitor] Macro paused due to area change
[2025-06-27 22:53:54] [INFO] [ClientLogMonitor] User input detected after area change: Mouse: LButton
[2025-06-27 22:53:55] [INFO] [TinctureManager] Tincture state reset
[2025-06-27 22:53:55] [INFO] [TinctureManager] Initial Tincture use
[2025-06-27 22:53:55] [INFO] [MacroController] Initial actions performed
[2025-06-27 22:53:55] [INFO] [SkillAutomation] Skill automation started
[2025-06-27 22:53:55] [INFO] [FlaskManager] Flask automation started
[2025-06-27 22:53:55] [INFO] [ClientLogMonitor] Client log monitoring started at: C:\Program Files (x86)\Steam\steamapps\common\Path of Exile\logs\Client.txt
[2025-06-27 22:53:55] [INFO] [MacroController] Macro started
[2025-06-27 22:53:55] [INFO] [ClientLogMonitor] Macro restarted after area change
[2025-06-27 22:54:52] [INFO] [ManaMonitor] Mana depletion detected
[2025-06-27 22:54:54] [INFO] [ManaMonitor] Mana recovery detected (27%)
[2025-06-27 22:54:57] [INFO] [TinctureManager] Tincture use attempt 1/5
[2025-06-27 22:54:58] [INFO] [TinctureManager] Tincture use attempt 2/5
[2025-06-27 22:54:59] [INFO] [TinctureManager] Tincture use attempt 3/5
[2025-06-27 22:54:59] [INFO] [TinctureManager] Tincture use attempt 4/5
[2025-06-27 22:55:00] [INFO] [TinctureManager] Tincture use attempt 5/5
[2025-06-27 22:55:00] [WARN] [TinctureManager] Max retry attempts reached
[2025-06-27 22:55:03] [INFO] [Main] === Path of Exile Macro Shutting Down ===
[2025-06-27 22:55:03] [INFO] [ClientLogMonitor] Client log monitoring stopped
[2025-06-27 22:55:03] [INFO] [LoadingScreen] Loading screen detection stopped
[2025-06-27 22:55:03] [INFO] [StatusDisplay] UI cleanup completed
