[2025-06-28 05:17:37] [INFO] [Logger] === Path of Exile Macro Started ===
[2025-06-28 05:17:37] [INFO] [ConfigManager] Configuration loaded successfully
[2025-06-28 05:17:37] [INFO] [Logger] Version: 2.8.2
[2025-06-28 05:17:37] [INFO] [Logger] AutoHotkey: 2.0.19
[2025-06-28 05:17:37] [INFO] [Main] === Path of Exile Macro Starting ===
[2025-06-28 05:17:37] [INFO] [ConfigManager] Configuration loaded successfully
[2025-06-28 05:17:37] [INFO] [Config] Configuration applied from INI file
[2025-06-28 05:17:37] [INFO] [StatusDisplay] Status overlay created successfully
[2025-06-28 05:17:37] [INFO] [Main] Initialization completed successfully
[2025-06-28 05:17:37] [INFO] [Main] Auto-start scheduled in 2000ms
[2025-06-28 05:17:39] [INFO] [TinctureManager] Tincture state reset
[2025-06-28 05:17:39] [INFO] [TinctureManager] Initial Tincture use
[2025-06-28 05:17:39] [INFO] [MacroController] Initial actions performed
[2025-06-28 05:17:39] [INFO] [SkillAutomation] Skill automation started
[2025-06-28 05:17:39] [INFO] [FlaskManager] Flask automation started
[2025-06-28 05:17:39] [INFO] [ClientLogMonitor] Client log monitoring started at: C:\Program Files (x86)\Steam\steamapps\common\Path of Exile\logs\Client.txt
[2025-06-28 05:17:39] [INFO] [MacroController] Macro started
[2025-06-28 05:17:39] [INFO] [Main] Macro auto-started after window became active
[2025-06-28 05:17:46] [INFO] [ManaMonitor] Mana depletion detected
[2025-06-28 05:17:47] [INFO] [ClientLogMonitor] Area change detected: Sunspire Hideout at 2025/06/28 05:17:47
[2025-06-28 05:17:47] [INFO] [ClientLogMonitor] Client log monitoring stopped
[2025-06-28 05:17:47] [INFO] [LoadingScreen] Loading screen detection stopped
[2025-06-28 05:17:47] [INFO] [MacroController] Macro stopped
[2025-06-28 05:17:47] [INFO] [ClientLogMonitor] Macro paused due to area change
[2025-06-28 05:17:52] [INFO] [ClientLogMonitor] User input detected after area change: Mouse: LButton
[2025-06-28 05:17:53] [INFO] [ClientLogMonitor] Non-combat area detected: Sunspire Hideout
[2025-06-28 05:18:02] [WARN] [MacroController] Emergency stop - auto-start disabled
[2025-06-28 05:18:02] [WARN] [MainHotkeys] Emergency stop activated (Ctrl+F12)
[2025-06-28 05:18:07] [INFO] [MainHotkeys] F12 pressed - Resetting macro
[2025-06-28 05:18:07] [INFO] [TinctureManager] Tincture state reset
[2025-06-28 05:18:07] [INFO] [TinctureManager] Tincture state reset
[2025-06-28 05:18:07] [INFO] [TinctureManager] Initial Tincture use
[2025-06-28 05:18:07] [INFO] [MacroController] Initial actions performed
[2025-06-28 05:18:07] [INFO] [SkillAutomation] Skill automation started
[2025-06-28 05:18:07] [INFO] [FlaskManager] Flask automation started
[2025-06-28 05:18:07] [INFO] [ClientLogMonitor] Client log monitoring started at: C:\Program Files (x86)\Steam\steamapps\common\Path of Exile\logs\Client.txt
[2025-06-28 05:18:07] [INFO] [MacroController] Macro started
[2025-06-28 05:25:39] [INFO] [ManaMonitor] Mana depletion detected
[2025-06-28 05:25:44] [INFO] [TinctureManager] Tincture use attempt 1/5
[2025-06-28 05:25:45] [INFO] [TinctureManager] Tincture use attempt 2/5
[2025-06-28 05:25:45] [INFO] [TinctureManager] Tincture use attempt 3/5
[2025-06-28 05:25:46] [INFO] [TinctureManager] Tincture use attempt 4/5
[2025-06-28 05:25:46] [INFO] [TinctureManager] Tincture use attempt 5/5
[2025-06-28 05:25:47] [WARN] [TinctureManager] Max retry attempts reached
[2025-06-28 05:25:49] [INFO] [TinctureManager] Tincture use attempt 1/5
[2025-06-28 05:25:49] [INFO] [ManaMonitor] Mana recovery detected (27%)
[2025-06-28 05:25:50] [INFO] [TinctureManager] Tincture use attempt 2/5
[2025-06-28 05:25:51] [INFO] [TinctureManager] Tincture use attempt 3/5
[2025-06-28 05:25:53] [INFO] [TinctureManager] Tincture use attempt 4/5
[2025-06-28 05:25:55] [INFO] [TinctureManager] Tincture use attempt 5/5
[2025-06-28 05:25:57] [WARN] [TinctureManager] Max retry attempts reached
[2025-06-28 05:26:11] [INFO] [ClientLogMonitor] Area change detected: Aspirants' Plaza at 2025/06/28 05:26:11
[2025-06-28 05:26:11] [INFO] [ClientLogMonitor] Client log monitoring stopped
[2025-06-28 05:26:11] [INFO] [LoadingScreen] Loading screen detection stopped
[2025-06-28 05:26:11] [INFO] [MacroController] Macro stopped
[2025-06-28 05:26:11] [INFO] [ClientLogMonitor] Macro paused due to area change
[2025-06-28 05:26:13] [INFO] [ClientLogMonitor] User input detected after area change: Mouse: LButton
[2025-06-28 05:26:13] [INFO] [ClientLogMonitor] Non-combat area detected: Aspirants' Plaza
[2025-06-28 05:26:36] [INFO] [MainHotkeys] F12 pressed - Resetting macro
[2025-06-28 05:26:36] [INFO] [TinctureManager] Tincture state reset
[2025-06-28 05:26:36] [INFO] [TinctureManager] Tincture state reset
[2025-06-28 05:26:36] [INFO] [TinctureManager] Initial Tincture use
[2025-06-28 05:26:36] [INFO] [MacroController] Initial actions performed
[2025-06-28 05:26:36] [INFO] [SkillAutomation] Skill automation started
[2025-06-28 05:26:36] [INFO] [FlaskManager] Flask automation started
[2025-06-28 05:26:36] [INFO] [ClientLogMonitor] Client log monitoring started at: C:\Program Files (x86)\Steam\steamapps\common\Path of Exile\logs\Client.txt
[2025-06-28 05:26:36] [INFO] [MacroController] Macro started
[2025-06-28 05:26:43] [INFO] [ManaMonitor] Mana depletion detected
[2025-06-28 05:26:45] [INFO] [ClientLogMonitor] Area change detected: Sunspire Hideout at 2025/06/28 05:26:44
[2025-06-28 05:26:45] [INFO] [ClientLogMonitor] Client log monitoring stopped
[2025-06-28 05:26:45] [INFO] [LoadingScreen] Loading screen detection stopped
[2025-06-28 05:26:45] [INFO] [MacroController] Macro stopped
[2025-06-28 05:26:45] [INFO] [ClientLogMonitor] Macro paused due to area change
[2025-06-28 05:26:49] [INFO] [ClientLogMonitor] User input detected after area change: Mouse: LButton
[2025-06-28 05:26:50] [INFO] [ClientLogMonitor] Non-combat area detected: Sunspire Hideout
