[2025-06-27 23:20:02] [INFO] [Logger] === Path of Exile Macro Started ===
[2025-06-27 23:20:02] [INFO] [ConfigManager] Configuration loaded successfully
[2025-06-27 23:20:02] [INFO] [Logger] Version: 2.8.2
[2025-06-27 23:20:02] [INFO] [Logger] AutoHotkey: 2.0.19
[2025-06-27 23:20:02] [INFO] [Main] === Path of Exile Macro Starting ===
[2025-06-27 23:20:02] [INFO] [ConfigManager] Configuration loaded successfully
[2025-06-27 23:20:02] [INFO] [Config] Configuration applied from INI file
[2025-06-27 23:20:02] [INFO] [StatusDisplay] Status overlay created successfully
[2025-06-27 23:20:02] [INFO] [Main] Initialization completed successfully
[2025-06-27 23:20:02] [INFO] [Main] Auto-start scheduled in 2000ms
[2025-06-27 23:20:04] [INFO] [TinctureManager] Tincture state reset
[2025-06-27 23:20:04] [INFO] [TinctureManager] Initial Tincture use
[2025-06-27 23:20:04] [INFO] [MacroController] Initial actions performed
[2025-06-27 23:20:04] [INFO] [SkillAutomation] Skill automation started
[2025-06-27 23:20:04] [INFO] [FlaskManager] Flask automation started
[2025-06-27 23:20:04] [INFO] [ClientLogMonitor] Client log monitoring started at: C:\Program Files (x86)\Steam\steamapps\common\Path of Exile\logs\Client.txt
[2025-06-27 23:20:05] [INFO] [MacroController] Macro started
[2025-06-27 23:20:05] [INFO] [Main] Macro auto-started after window became active
[2025-06-27 23:20:12] [INFO] [ManaMonitor] Mana depletion detected
[2025-06-27 23:20:13] [INFO] [ClientLogMonitor] Area change detected: Sunspire Hideout at 2025/06/27 23:20:13
[2025-06-27 23:20:14] [INFO] [ClientLogMonitor] Client log monitoring stopped
[2025-06-27 23:20:14] [INFO] [LoadingScreen] Loading screen detection stopped
[2025-06-27 23:20:14] [INFO] [MacroController] Macro stopped
[2025-06-27 23:20:14] [INFO] [ClientLogMonitor] Macro paused due to area change
[2025-06-27 23:20:14] [INFO] [ManaMonitor] Mana recovery detected (13%)
[2025-06-27 23:20:15] [INFO] [ClientLogMonitor] User input detected after area change: Mouse: LButton
[2025-06-27 23:20:15] [INFO] [ClientLogMonitor] Non-combat area detected: Sunspire Hideout
[2025-06-27 23:23:27] [INFO] [MainHotkeys] F12 pressed - Resetting macro
[2025-06-27 23:23:27] [INFO] [TinctureManager] Tincture state reset
[2025-06-27 23:23:27] [INFO] [TinctureManager] Tincture state reset
[2025-06-27 23:23:27] [INFO] [TinctureManager] Initial Tincture use
[2025-06-27 23:23:27] [INFO] [MacroController] Initial actions performed
[2025-06-27 23:23:27] [INFO] [SkillAutomation] Skill automation started
[2025-06-27 23:23:27] [INFO] [FlaskManager] Flask automation started
[2025-06-27 23:23:27] [INFO] [ClientLogMonitor] Client log monitoring started at: C:\Program Files (x86)\Steam\steamapps\common\Path of Exile\logs\Client.txt
[2025-06-27 23:23:27] [INFO] [MacroController] Macro started
[2025-06-27 23:23:29] [INFO] [MainHotkeys] F12 pressed - Resetting macro
[2025-06-27 23:23:29] [INFO] [ClientLogMonitor] Client log monitoring stopped
[2025-06-27 23:23:29] [INFO] [LoadingScreen] Loading screen detection stopped
[2025-06-27 23:23:29] [INFO] [MacroController] Macro stopped
[2025-06-27 23:23:29] [INFO] [TinctureManager] Tincture state reset
[2025-06-27 23:23:29] [INFO] [TinctureManager] Tincture state reset
[2025-06-27 23:23:29] [INFO] [TinctureManager] Initial Tincture use
[2025-06-27 23:23:29] [INFO] [MacroController] Initial actions performed
[2025-06-27 23:23:29] [INFO] [SkillAutomation] Skill automation started
[2025-06-27 23:23:29] [INFO] [FlaskManager] Flask automation started
[2025-06-27 23:23:29] [INFO] [ClientLogMonitor] Client log monitoring started at: C:\Program Files (x86)\Steam\steamapps\common\Path of Exile\logs\Client.txt
[2025-06-27 23:23:29] [INFO] [MacroController] Macro started
[2025-06-27 23:23:32] [INFO] [ManaMonitor] Mana recovery detected (27%)
[2025-06-27 23:23:42] [INFO] [ManaMonitor] Mana depletion detected
[2025-06-27 23:23:43] [INFO] [ManaMonitor] Mana recovery detected (27%)
[2025-06-27 23:23:48] [INFO] [TinctureManager] Tincture use attempt 1/5
[2025-06-27 23:23:48] [INFO] [TinctureManager] Tincture use attempt 2/5
[2025-06-27 23:23:49] [INFO] [TinctureManager] Tincture use attempt 3/5
[2025-06-27 23:23:50] [INFO] [TinctureManager] Tincture use attempt 4/5
[2025-06-27 23:23:50] [INFO] [TinctureManager] Tincture use attempt 5/5
[2025-06-27 23:23:51] [WARN] [TinctureManager] Max retry attempts reached
[2025-06-27 23:23:52] [INFO] [TinctureManager] Tincture use attempt 1/5
[2025-06-27 23:23:53] [INFO] [ManaMonitor] Mana recovery detected (27%)
[2025-06-27 23:23:54] [INFO] [TinctureManager] Tincture use attempt 2/5
[2025-06-27 23:23:56] [INFO] [TinctureManager] Tincture use attempt 3/5
[2025-06-27 23:23:58] [INFO] [TinctureManager] Tincture use attempt 4/5
[2025-06-27 23:24:01] [INFO] [TinctureManager] Tincture use attempt 5/5
[2025-06-27 23:24:03] [WARN] [TinctureManager] Max retry attempts reached
[2025-06-27 23:24:15] [INFO] [ManaMonitor] Mana recovery detected (7%)
[2025-06-27 23:24:16] [INFO] [TinctureManager] Tincture use attempt 1/5
[2025-06-27 23:24:18] [INFO] [TinctureManager] Tincture use attempt 2/5
[2025-06-27 23:24:20] [INFO] [TinctureManager] Tincture use attempt 3/5
[2025-06-27 23:24:22] [INFO] [TinctureManager] Tincture use attempt 4/5
[2025-06-27 23:24:24] [INFO] [TinctureManager] Tincture use attempt 5/5
[2025-06-27 23:24:26] [WARN] [TinctureManager] Max retry attempts reached
[2025-06-27 23:24:36] [INFO] [ClientLogMonitor] Area change detected: Racecourse at 2025/06/27 23:24:36
[2025-06-27 23:24:36] [INFO] [ClientLogMonitor] Client log monitoring stopped
[2025-06-27 23:24:36] [INFO] [LoadingScreen] Loading screen detection stopped
[2025-06-27 23:24:36] [INFO] [MacroController] Macro stopped
[2025-06-27 23:24:36] [INFO] [ClientLogMonitor] Macro paused due to area change
[2025-06-27 23:24:36] [INFO] [ManaMonitor] Mana recovery detected (7%)
[2025-06-27 23:24:49] [INFO] [ClientLogMonitor] User input detected after area change: Mouse: LButton
[2025-06-27 23:24:49] [INFO] [TinctureManager] Tincture state reset
[2025-06-27 23:24:49] [INFO] [TinctureManager] Initial Tincture use
[2025-06-27 23:24:49] [INFO] [MacroController] Initial actions performed
[2025-06-27 23:24:49] [INFO] [SkillAutomation] Skill automation started
[2025-06-27 23:24:49] [INFO] [FlaskManager] Flask automation started
[2025-06-27 23:24:49] [INFO] [ClientLogMonitor] Client log monitoring started at: C:\Program Files (x86)\Steam\steamapps\common\Path of Exile\logs\Client.txt
[2025-06-27 23:24:49] [INFO] [MacroController] Macro started
[2025-06-27 23:24:49] [INFO] [ClientLogMonitor] Macro restarted after area change
[2025-06-27 23:24:51] [INFO] [ClientLogMonitor] Area change detected: Sunspire Hideout at 2025/06/27 23:24:51
[2025-06-27 23:24:51] [ERROR] [ClientLogMonitor] Log check failed: Target window not found.
[2025-06-27 23:24:52] [INFO] [ManaMonitor] Mana recovery detected (27%)
[2025-06-27 23:26:25] [INFO] [ManaMonitor] Mana depletion detected
[2025-06-27 23:26:31] [INFO] [TinctureManager] Tincture use attempt 1/5
[2025-06-27 23:26:31] [INFO] [TinctureManager] Tincture use attempt 2/5
[2025-06-27 23:26:32] [INFO] [TinctureManager] Tincture use attempt 3/5
[2025-06-27 23:26:32] [INFO] [TinctureManager] Tincture use attempt 4/5
[2025-06-27 23:26:33] [INFO] [TinctureManager] Tincture use attempt 5/5
[2025-06-27 23:26:33] [WARN] [TinctureManager] Max retry attempts reached
[2025-06-27 23:26:35] [INFO] [TinctureManager] Tincture use attempt 1/5
[2025-06-27 23:26:37] [INFO] [TinctureManager] Tincture use attempt 2/5
[2025-06-27 23:26:39] [INFO] [TinctureManager] Tincture use attempt 3/5
[2025-06-27 23:26:42] [INFO] [TinctureManager] Tincture use attempt 4/5
[2025-06-27 23:26:44] [INFO] [TinctureManager] Tincture use attempt 5/5
[2025-06-27 23:26:46] [WARN] [TinctureManager] Max retry attempts reached
[2025-06-27 23:26:47] [INFO] [ManaMonitor] Mana recovery detected (27%)
[2025-06-27 23:26:48] [INFO] [TinctureManager] Tincture use attempt 1/5
[2025-06-27 23:26:49] [INFO] [MainHotkeys] F12 pressed - Resetting macro
[2025-06-27 23:26:49] [INFO] [ClientLogMonitor] Client log monitoring stopped
[2025-06-27 23:26:49] [INFO] [LoadingScreen] Loading screen detection stopped
[2025-06-27 23:26:49] [INFO] [MacroController] Macro stopped
[2025-06-27 23:26:50] [INFO] [TinctureManager] Tincture state reset
[2025-06-27 23:26:50] [INFO] [TinctureManager] Tincture state reset
[2025-06-27 23:26:50] [INFO] [TinctureManager] Initial Tincture use
[2025-06-27 23:26:50] [INFO] [MacroController] Initial actions performed
[2025-06-27 23:26:50] [INFO] [SkillAutomation] Skill automation started
[2025-06-27 23:26:50] [INFO] [FlaskManager] Flask automation started
[2025-06-27 23:26:50] [INFO] [ClientLogMonitor] Client log monitoring started at: C:\Program Files (x86)\Steam\steamapps\common\Path of Exile\logs\Client.txt
[2025-06-27 23:26:50] [INFO] [MacroController] Macro started
[2025-06-27 23:27:23] [INFO] [ManaMonitor] Mana depletion detected
[2025-06-27 23:27:28] [INFO] [TinctureManager] Tincture use attempt 1/5
[2025-06-27 23:27:29] [INFO] [TinctureManager] Tincture use attempt 2/5
[2025-06-27 23:27:29] [INFO] [TinctureManager] Tincture use attempt 3/5
[2025-06-27 23:27:30] [INFO] [TinctureManager] Tincture use attempt 4/5
[2025-06-27 23:27:30] [INFO] [TinctureManager] Tincture use attempt 5/5
[2025-06-27 23:27:31] [WARN] [TinctureManager] Max retry attempts reached
[2025-06-27 23:27:33] [INFO] [TinctureManager] Tincture use attempt 1/5
[2025-06-27 23:27:35] [INFO] [TinctureManager] Tincture use attempt 2/5
[2025-06-27 23:27:37] [INFO] [TinctureManager] Tincture use attempt 3/5
[2025-06-27 23:27:39] [INFO] [TinctureManager] Tincture use attempt 4/5
[2025-06-27 23:27:40] [INFO] [ManaMonitor] Mana recovery detected (7%)
[2025-06-27 23:27:41] [INFO] [TinctureManager] Tincture use attempt 5/5
[2025-06-27 23:27:41] [INFO] [ClientLogMonitor] Client log monitoring stopped
[2025-06-27 23:27:41] [INFO] [LoadingScreen] Loading screen detection stopped
[2025-06-27 23:27:41] [INFO] [MacroController] Macro stopped
[2025-06-27 23:27:41] [WARN] [MacroController] Emergency stop - auto-start disabled
[2025-06-27 23:27:41] [WARN] [MainHotkeys] Emergency stop activated (Ctrl+F12)
[2025-06-28 01:58:20] [INFO] [DebugHotkeys] Logging toggled: 1
[2025-06-28 05:01:18] [INFO] [MainHotkeys] F12 pressed - Resetting macro
[2025-06-28 05:01:22] [INFO] [TinctureManager] Tincture state reset
[2025-06-28 05:01:22] [INFO] [TinctureManager] Tincture state reset
[2025-06-28 05:01:22] [INFO] [TinctureManager] Initial Tincture use
[2025-06-28 05:01:22] [INFO] [MacroController] Initial actions performed
[2025-06-28 05:01:22] [INFO] [SkillAutomation] Skill automation started
[2025-06-28 05:01:22] [INFO] [FlaskManager] Flask automation started
[2025-06-28 05:01:22] [INFO] [ClientLogMonitor] Client log monitoring started at: C:\Program Files (x86)\Steam\steamapps\common\Path of Exile\logs\Client.txt
[2025-06-28 05:01:22] [INFO] [MacroController] Macro started
[2025-06-28 05:01:34] [INFO] [ManaMonitor] Mana recovery detected (7%)
[2025-06-28 05:01:47] [INFO] [ManaMonitor] Mana depletion detected
[2025-06-28 05:01:52] [INFO] [TinctureManager] Tincture use attempt 1/5
[2025-06-28 05:01:53] [INFO] [TinctureManager] Tincture use attempt 2/5
[2025-06-28 05:01:53] [INFO] [TinctureManager] Tincture use attempt 3/5
[2025-06-28 05:01:54] [INFO] [TinctureManager] Tincture use attempt 4/5
[2025-06-28 05:01:54] [INFO] [TinctureManager] Tincture use attempt 5/5
[2025-06-28 05:01:55] [WARN] [TinctureManager] Max retry attempts reached
[2025-06-28 05:01:57] [INFO] [TinctureManager] Tincture use attempt 1/5
[2025-06-28 05:01:58] [INFO] [ManaMonitor] Mana recovery detected (7%)
[2025-06-28 05:01:59] [INFO] [TinctureManager] Tincture use attempt 2/5
[2025-06-28 05:01:59] [INFO] [TinctureManager] Tincture use attempt 3/5
[2025-06-28 05:02:00] [INFO] [MainHotkeys] F12 pressed - Resetting macro
[2025-06-28 05:02:00] [INFO] [ClientLogMonitor] Client log monitoring stopped
[2025-06-28 05:02:00] [INFO] [LoadingScreen] Loading screen detection stopped
[2025-06-28 05:02:01] [ERROR] [MainHotkeys] Error in F12 handler
Error: This value of type "String" has no property named "BackColor".
File: D:\v2.8_File_Split\UI\Overlay.ahk
Line: 26
Stack: D:\v2.8_File_Split\UI\Overlay.ahk (26) : [ShowOverlay] overlayGui.BackColor := "000000"
D:\v2.8_File_Split\Main.ahk (208) : [StopMacro] ShowOverlay("É}ÉNÉçí‚é~", 2000)
D:\v2.8_File_Split\Main.ahk (222) : [ResetMacro] StopMacro()
D:\v2.8_File_Split\Hotkeys\MainHotkeys.ahk (40) : [<Hotkey>] ResetMacro()
> F12
D:\v2.8_File_Split\Features\ManaMonitor.ahk (53) : [CheckManaRadialDetailed] color := PixelGetColor(checkX, checkY, "RGB")
D:\v2.8_File_Split\Features\ManaMonitor.ahk (24) : [CheckManaRadialOptimized] Return CheckManaRadialDetailed()
D:\v2.8_File_Split\Features\ManaMonitor.ahk (76) : [CheckManaRadial] Return CheckManaRadialOptimized()
D:\v2.8_File_Split\Features\ManaMonitor.ahk (115) : [MonitorMana] currentMana := CheckManaRadial()
> Timer

[2025-06-28 05:14:53] [INFO] [MainHotkeys] F12 pressed - Resetting macro
[2025-06-28 05:14:53] [INFO] [TinctureManager] Tincture state reset
[2025-06-28 05:14:53] [INFO] [TinctureManager] Tincture state reset
[2025-06-28 05:14:53] [INFO] [TinctureManager] Initial Tincture use
[2025-06-28 05:14:53] [INFO] [MacroController] Initial actions performed
[2025-06-28 05:14:53] [INFO] [SkillAutomation] Skill automation started
[2025-06-28 05:14:53] [INFO] [FlaskManager] Flask automation started
[2025-06-28 05:14:53] [INFO] [ClientLogMonitor] Client log monitoring started at: C:\Program Files (x86)\Steam\steamapps\common\Path of Exile\logs\Client.txt
[2025-06-28 05:15:04] [INFO] [MacroController] Macro started
[2025-06-28 05:15:05] [INFO] [MainHotkeys] F12 pressed - Resetting macro
[2025-06-28 05:15:05] [INFO] [ClientLogMonitor] Client log monitoring stopped
[2025-06-28 05:15:05] [INFO] [LoadingScreen] Loading screen detection stopped
[2025-06-28 05:15:06] [INFO] [MacroController] Macro stopped
[2025-06-28 05:15:06] [INFO] [TinctureManager] Tincture state reset
[2025-06-28 05:15:06] [INFO] [TinctureManager] Tincture state reset
[2025-06-28 05:15:06] [INFO] [TinctureManager] Initial Tincture use
[2025-06-28 05:15:06] [INFO] [MacroController] Initial actions performed
[2025-06-28 05:15:06] [INFO] [SkillAutomation] Skill automation started
[2025-06-28 05:15:06] [INFO] [FlaskManager] Flask automation started
[2025-06-28 05:15:06] [INFO] [ClientLogMonitor] Client log monitoring started at: C:\Program Files (x86)\Steam\steamapps\common\Path of Exile\logs\Client.txt
[2025-06-28 05:15:06] [INFO] [MacroController] Macro started
[2025-06-28 05:15:07] [INFO] [MainHotkeys] F12 pressed - Resetting macro
[2025-06-28 05:15:07] [INFO] [ClientLogMonitor] Client log monitoring stopped
[2025-06-28 05:15:07] [INFO] [LoadingScreen] Loading screen detection stopped
[2025-06-28 05:15:07] [INFO] [MacroController] Macro stopped
[2025-06-28 05:15:08] [INFO] [TinctureManager] Tincture state reset
[2025-06-28 05:15:08] [INFO] [TinctureManager] Tincture state reset
[2025-06-28 05:15:08] [INFO] [TinctureManager] Initial Tincture use
[2025-06-28 05:15:08] [INFO] [MacroController] Initial actions performed
[2025-06-28 05:15:08] [INFO] [SkillAutomation] Skill automation started
[2025-06-28 05:15:08] [INFO] [FlaskManager] Flask automation started
[2025-06-28 05:15:08] [INFO] [ClientLogMonitor] Client log monitoring started at: C:\Program Files (x86)\Steam\steamapps\common\Path of Exile\logs\Client.txt
[2025-06-28 05:15:08] [INFO] [MacroController] Macro started
[2025-06-28 05:15:14] [INFO] [MainHotkeys] F12 pressed - Resetting macro
[2025-06-28 05:15:14] [INFO] [ClientLogMonitor] Client log monitoring stopped
[2025-06-28 05:15:14] [INFO] [LoadingScreen] Loading screen detection stopped
[2025-06-28 05:15:14] [INFO] [MacroController] Macro stopped
[2025-06-28 05:15:14] [INFO] [TinctureManager] Tincture state reset
[2025-06-28 05:15:14] [INFO] [TinctureManager] Tincture state reset
[2025-06-28 05:15:14] [INFO] [TinctureManager] Initial Tincture use
[2025-06-28 05:15:14] [INFO] [MacroController] Initial actions performed
[2025-06-28 05:15:14] [INFO] [SkillAutomation] Skill automation started
[2025-06-28 05:15:14] [INFO] [FlaskManager] Flask automation started
[2025-06-28 05:15:14] [INFO] [ClientLogMonitor] Client log monitoring started at: C:\Program Files (x86)\Steam\steamapps\common\Path of Exile\logs\Client.txt
[2025-06-28 05:15:14] [INFO] [MacroController] Macro started
[2025-06-28 05:15:26] [INFO] [ManaMonitor] Mana depletion detected
[2025-06-28 05:15:32] [INFO] [TinctureManager] Tincture use attempt 1/5
[2025-06-28 05:15:32] [INFO] [TinctureManager] Tincture use attempt 2/5
[2025-06-28 05:15:33] [INFO] [TinctureManager] Tincture use attempt 3/5
[2025-06-28 05:15:33] [INFO] [TinctureManager] Tincture use attempt 4/5
[2025-06-28 05:15:34] [INFO] [TinctureManager] Tincture use attempt 5/5
[2025-06-28 05:15:34] [WARN] [TinctureManager] Max retry attempts reached
[2025-06-28 05:15:36] [INFO] [TinctureManager] Tincture use attempt 1/5
[2025-06-28 05:15:38] [INFO] [Main] === Path of Exile Macro Shutting Down ===
[2025-06-28 05:15:38] [INFO] [ClientLogMonitor] Client log monitoring stopped
[2025-06-28 05:15:38] [INFO] [LoadingScreen] Loading screen detection stopped
[2025-06-28 05:15:38] [INFO] [StatusDisplay] UI cleanup completed
