[2025-06-27 21:57:08] [INFO] [Logger] === Path of Exile Macro Started ===
[2025-06-27 21:57:08] [INFO] [Logger] Version: 2.8.2
[2025-06-27 21:57:08] [INFO] [Logger] AutoHotkey: 2.0.19
[2025-06-27 21:57:08] [INFO] [Main] === Path of Exile Macro Starting ===
[2025-06-27 21:57:08] [INFO] [Config] Configuration applied from INI file
[2025-06-27 21:57:08] [INFO] [StatusDisplay] Status overlay created successfully
[2025-06-27 21:57:08] [INFO] [Main] Initialization completed successfully
[2025-06-27 22:00:50] [INFO] [ClientLogMonitor] Client log monitoring stopped
[2025-06-27 22:00:50] [INFO] [LoadingScreen] Loading screen detection stopped
[2025-06-27 22:00:50] [INFO] [TinctureManager] Tincture state reset
[2025-06-27 22:00:50] [INFO] [MacroController] Initial actions performed
[2025-06-27 22:00:50] [INFO] [SkillAutomation] Skill automation started
[2025-06-27 22:00:50] [INFO] [FlaskManager] Flask automation started
[2025-06-27 22:00:50] [INFO] [ClientLogMonitor] Client log monitoring started at: C:\Program Files (x86)\Steam\steamapps\common\Path of Exile\logs\Client.txt
[2025-06-27 22:00:50] [INFO] [MainHotkeys] F12 pressed - Macro toggled
[2025-06-27 22:01:04] [INFO] [ManaMonitor] Mana depletion detected
[2025-06-27 22:01:05] [INFO] [ClientLogMonitor] Area change detected: Aspirants' Plaza at 2025/06/27 22:01:05
[2025-06-27 22:01:05] [INFO] [ClientLogMonitor] Client log monitoring stopped
[2025-06-27 22:01:05] [INFO] [LoadingScreen] Loading screen detection stopped
[2025-06-27 22:01:05] [INFO] [ClientLogMonitor] Macro paused due to area change
[2025-06-27 22:01:09] [INFO] [ClientLogMonitor] User input detected after area change: Mouse: LButton
[2025-06-27 22:01:10] [INFO] [ClientLogMonitor] Non-combat area detected: Aspirants' Plaza
[2025-06-27 22:01:34] [INFO] [ClientLogMonitor] Client log monitoring stopped
[2025-06-27 22:01:34] [INFO] [LoadingScreen] Loading screen detection stopped
[2025-06-27 22:01:34] [INFO] [TinctureManager] Tincture state reset
[2025-06-27 22:01:34] [INFO] [MacroController] Initial actions performed
[2025-06-27 22:01:34] [INFO] [SkillAutomation] Skill automation started
[2025-06-27 22:01:34] [INFO] [FlaskManager] Flask automation started
[2025-06-27 22:01:34] [INFO] [ClientLogMonitor] Client log monitoring started at: C:\Program Files (x86)\Steam\steamapps\common\Path of Exile\logs\Client.txt
[2025-06-27 22:01:34] [INFO] [MainHotkeys] F12 pressed - Macro toggled
[2025-06-27 22:01:42] [INFO] [ManaMonitor] Mana depletion detected
[2025-06-27 22:01:44] [INFO] [ClientLogMonitor] Area change detected: The Imperial Fields at 2025/06/27 22:01:43
[2025-06-27 22:01:44] [INFO] [ClientLogMonitor] Client log monitoring stopped
[2025-06-27 22:01:44] [INFO] [LoadingScreen] Loading screen detection stopped
[2025-06-27 22:01:44] [INFO] [ClientLogMonitor] Macro paused due to area change
[2025-06-27 22:01:52] [INFO] [ClientLogMonitor] User input detected after area change: Mouse: LButton
[2025-06-27 22:01:52] [INFO] [ClientLogMonitor] Client log monitoring stopped
[2025-06-27 22:01:52] [INFO] [LoadingScreen] Loading screen detection stopped
[2025-06-27 22:01:52] [INFO] [TinctureManager] Tincture state reset
[2025-06-27 22:01:52] [INFO] [MacroController] Initial actions performed
[2025-06-27 22:01:52] [INFO] [SkillAutomation] Skill automation started
[2025-06-27 22:01:52] [INFO] [FlaskManager] Flask automation started
[2025-06-27 22:01:52] [INFO] [ClientLogMonitor] Client log monitoring started at: C:\Program Files (x86)\Steam\steamapps\common\Path of Exile\logs\Client.txt
[2025-06-27 22:01:52] [INFO] [ClientLogMonitor] Macro restarted after area change
[2025-06-27 22:02:01] [INFO] [ManaMonitor] Mana depletion detected
[2025-06-27 22:02:02] [INFO] [ClientLogMonitor] Area change detected: The Bath House at 2025/06/27 22:02:02
[2025-06-27 22:02:02] [INFO] [ClientLogMonitor] Client log monitoring stopped
[2025-06-27 22:02:02] [INFO] [LoadingScreen] Loading screen detection stopped
[2025-06-27 22:02:02] [INFO] [ClientLogMonitor] Macro paused due to area change
[2025-06-27 22:02:03] [INFO] [ManaMonitor] Mana recovery detected (7%)
[2025-06-27 22:02:05] [INFO] [ClientLogMonitor] User input detected after area change: Mouse: LButton
[2025-06-27 22:02:05] [INFO] [ClientLogMonitor] Client log monitoring stopped
[2025-06-27 22:02:05] [INFO] [LoadingScreen] Loading screen detection stopped
[2025-06-27 22:02:06] [INFO] [TinctureManager] Tincture state reset
[2025-06-27 22:02:06] [INFO] [MacroController] Initial actions performed
[2025-06-27 22:02:06] [INFO] [SkillAutomation] Skill automation started
[2025-06-27 22:02:06] [INFO] [FlaskManager] Flask automation started
[2025-06-27 22:02:06] [INFO] [ClientLogMonitor] Client log monitoring started at: C:\Program Files (x86)\Steam\steamapps\common\Path of Exile\logs\Client.txt
[2025-06-27 22:02:06] [INFO] [ClientLogMonitor] Macro restarted after area change
[2025-06-27 22:02:30] [INFO] [ClientLogMonitor] Client log monitoring stopped
[2025-06-27 22:02:30] [INFO] [LoadingScreen] Loading screen detection stopped
[2025-06-27 22:02:30] [INFO] [MainHotkeys] F12 pressed - Macro toggled
[2025-06-27 22:09:14] [INFO] [Main] === Path of Exile Macro Shutting Down ===
[2025-06-27 22:09:14] [INFO] [ClientLogMonitor] Client log monitoring stopped
[2025-06-27 22:09:14] [INFO] [LoadingScreen] Loading screen detection stopped
[2025-06-27 22:09:14] [INFO] [StatusDisplay] UI cleanup completed
